<?xml version="1.0" encoding="utf-8"?><testsuites name="pytest tests"><testsuite name="pytest" errors="0" failures="0" skipped="0" tests="20" time="2.504" timestamp="2026-08-20T13:31:48.270389+00:00" hostname="agent-env-bc9cc469-7b2c-4717-b0c1-c56fd187812d"><testcase classname="tests.backend_test.TestHealth" name="test_health" time="0.526" /><testcase classname="tests.backend_test.TestDemoSeedPricing" name="test_estimate_duration_neutral" time="0.072" /><testcase classname="tests.backend_test.TestDemoSeedPricing" name="test_formula_version" time="0.000" /><testcase classname="tests.backend_test.TestDemoSeedPricing" name="test_three_options" time="0.000" /><testcase classname="tests.backend_test.TestDemoSeedPricing" name="test_option_a_viable" time="0.000" /><testcase classname="tests.backend_test.TestDemoSeedPricing" name="test_no_option_below_its_price_floor_low" time="0.000" /><testcase classname="tests.backend_test.TestDemoSeedPricing" name="test_duration_affects_hours_90s_vs_15s" time="0.189" /><testcase classname="tests.backend_test.TestAgreementTamperResistance" name="test_create_agreement_option_b" time="0.123" /><testcase classname="tests.backend_test.TestAgreementTamperResistance" name="test_tampered_fields_ignored" time="0.119" /><testcase classname="tests.backend_test.TestAgreementTamperResistance" name="test_unknown_option_id_422" time="0.059" /><testcase classname="tests.backend_test.TestAgreementTamperResistance" name="test_other_guest_forbidden_403" time="0.059" /><testcase classname="tests.backend_test.TestAgreementTamperResistance" name="test_no_internal_cost_leak" time="0.120" /><testcase classname="tests.backend_test.TestAgreementStateMachine" name="test_approve_then_locked_409" time="0.249" /><testcase classname="tests.backend_test.TestAgreementStateMachine" name="test_revoke_then_respond_410" time="0.238" /><testcase classname="tests.backend_test.TestAgreementStateMachine" name="test_revoke_requires_owner" time="0.117" /><testcase classname="tests.backend_test.TestAgreementStateMachine" name="test_request_changes_then_approve_allowed" time="0.188" /><testcase classname="tests.backend_test.TestAgreementStateMachine" name="test_invalid_action_422" time="0.121" /><testcase classname="tests.backend_test.TestAgreementStateMachine" name="test_unknown_token_404" time="0.061" /><testcase classname="tests.backend_test.TestMiscGuards" name="test_analyze_short_brief_422" time="0.061" /><testcase classname="tests.backend_test.TestMiscGuards" name="test_agreement_on_unknown_analysis_404" time="0.061" /></testsuite></testsuites>