<?xml version="1.0" encoding="utf-8"?><testsuites name="pytest tests"><testsuite name="pytest" errors="0" failures="0" skipped="0" tests="17" time="39.103" timestamp="2026-08-18T07:49:47.388535+00:00" hostname="agent-env-95b3da4e-2df8-4afd-a1f4-0b516a456dae"><testcase classname="tests.backend_test" name="test_health" time="0.240" /><testcase classname="tests.backend_test" name="test_demo_seed_numbers" time="0.108" /><testcase classname="tests.backend_test" name="test_demo_agreement_public" time="0.271" /><testcase classname="tests.backend_test" name="test_analyze_structure_and_verbatim" time="9.579" /><testcase classname="tests.backend_test" name="test_analyze_missing_guest_still_ok" time="9.995" /><testcase classname="tests.backend_test" name="test_prompt_injection_no_price_no_leak" time="7.023" /><testcase classname="tests.backend_test" name="test_estimate_incomplete_cost_profile_no_price" time="0.170" /><testcase classname="tests.backend_test" name="test_estimate_complete_returns_price_and_options" time="0.114" /><testcase classname="tests.backend_test" name="test_estimate_scope_overrides_change_result" time="0.305" /><testcase classname="tests.backend_test" name="test_guest_b_cannot_read_guest_a" time="0.119" /><testcase classname="tests.backend_test" name="test_create_agreement_and_public_projection" time="0.618" /><testcase classname="tests.backend_test" name="test_auth_me_via_cookie" time="0.394" /><testcase classname="tests.backend_test" name="test_auth_login_wrong_password" time="0.339" /><testcase classname="tests.backend_test" name="test_auth_login_success" time="0.344" /><testcase classname="tests.backend_test" name="test_calibration_requires_auth" time="0.115" /><testcase classname="tests.backend_test" name="test_calibration_flow_and_factor" time="0.111" /><testcase classname="tests.backend_test" name="test_calibration_applies_to_estimate" time="9.140" /></testsuite></testsuites>