<?xml version="1.0" encoding="utf-8"?><testsuites name="pytest tests"><testsuite name="pytest" errors="0" failures="1" skipped="1" tests="46" time="2.785" timestamp="2026-08-20T13:32:44.779035+00:00" hostname="agent-env-bc9cc469-7b2c-4717-b0c1-c56fd187812d"><testcase classname="tests.backend_test.TestHealth" name="test_health" time="0.184" /><testcase classname="tests.backend_test.TestDemoSeedPricing" name="test_estimate_duration_neutral" time="0.067" /><testcase classname="tests.backend_test.TestDemoSeedPricing" name="test_formula_version" time="0.000" /><testcase classname="tests.backend_test.TestDemoSeedPricing" name="test_three_options" time="0.000" /><testcase classname="tests.backend_test.TestDemoSeedPricing" name="test_option_a_viable" time="0.000" /><testcase classname="tests.backend_test.TestDemoSeedPricing" name="test_no_option_below_its_price_floor_low" time="0.000" /><testcase classname="tests.backend_test.TestDemoSeedPricing" name="test_duration_affects_hours_90s_vs_15s" time="0.213" /><testcase classname="tests.backend_test.TestAgreementTamperResistance" name="test_create_agreement_option_b" time="0.154" /><testcase classname="tests.backend_test.TestAgreementTamperResistance" name="test_tampered_fields_ignored" time="0.140" /><testcase classname="tests.backend_test.TestAgreementTamperResistance" name="test_unknown_option_id_422" time="0.064" /><testcase classname="tests.backend_test.TestAgreementTamperResistance" name="test_other_guest_forbidden_403" time="0.066" /><testcase classname="tests.backend_test.TestAgreementTamperResistance" name="test_no_internal_cost_leak" time="0.136" /><testcase classname="tests.backend_test.TestAgreementStateMachine" name="test_approve_then_locked_409" time="0.271" /><testcase classname="tests.backend_test.TestAgreementStateMachine" name="test_revoke_then_respond_410" time="0.271" /><testcase classname="tests.backend_test.TestAgreementStateMachine" name="test_revoke_requires_owner" time="0.138" /><testcase classname="tests.backend_test.TestAgreementStateMachine" name="test_request_changes_then_approve_allowed" time="0.211" /><testcase classname="tests.backend_test.TestAgreementStateMachine" name="test_invalid_action_422" time="0.136" /><testcase classname="tests.backend_test.TestAgreementStateMachine" name="test_unknown_token_404" time="0.071" /><testcase classname="tests.backend_test.TestMiscGuards" name="test_analyze_short_brief_422" time="0.064" /><testcase classname="tests.backend_test.TestMiscGuards" name="test_analyze_response_has_no_mongo_id" time="0.000" /><testcase classname="tests.backend_test.TestMiscGuards" name="test_demo_agreement_flow" time="0.132" /><testcase classname="tests.backend_test.TestMiscGuards" name="test_agreement_on_unknown_analysis_404" time="0.062" /><testcase classname="tests.test_nonviable" name="test_tiny_budget_estimate_does_not_500" time="0.228"><failure message="AssertionError: 500: Internal Server Error&#10;assert 500 == 200&#10; +  where 500 = &lt;Response [500]&gt;.status_code">E   AssertionError: 500: Internal Server Error
    assert 500 == 200
     +  where 500 = &lt;Response [500]&gt;.status_code</failure></testcase><testcase classname="tests.test_nonviable" name="test_non_viable_option_cannot_become_agreement" time="0.080"><skipped type="pytest.skip" message="estimate failed; covered by previous test">/app/backend/tests/test_nonviable.py:57: estimate failed; covered by previous test</skipped></testcase><testcase classname="tests.test_pricing" name="test_productive_cost_per_hour_seed" time="0.000" /><testcase classname="tests.test_pricing" name="test_realistic_billable_hours" time="0.000" /><testcase classname="tests.test_pricing" name="test_zero_billable_hours_rejected" time="0.000" /><testcase classname="tests.test_pricing" name="test_utilization_out_of_range_rejected" time="0.000" /><testcase classname="tests.test_pricing" name="test_seed_hours_range" time="0.000" /><testcase classname="tests.test_pricing" name="test_hour_range_ordering_holds" time="0.000" /><testcase classname="tests.test_pricing" name="test_seed_break_even_and_price_floor" time="0.000" /><testcase classname="tests.test_pricing" name="test_price_floor_low_le_high" time="0.000" /><testcase classname="tests.test_pricing" name="test_target_margin_zero_ok" time="0.000" /><testcase classname="tests.test_pricing" name="test_target_margin_one_rejected" time="0.000" /><testcase classname="tests.test_pricing" name="test_negative_currency_rejected" time="0.000" /><testcase classname="tests.test_pricing" name="test_scope_completeness_seed" time="0.000" /><testcase classname="tests.test_pricing" name="test_scope_completeness_bounds" time="0.000" /><testcase classname="tests.test_pricing" name="test_seed_risk_is_high_with_triggers" time="0.001" /><testcase classname="tests.test_pricing" name="test_unlimited_revision_trigger" time="0.000" /><testcase classname="tests.test_pricing" name="test_options_match_illustrative_plan" time="0.000" /><testcase classname="tests.test_pricing" name="test_duration_affects_hours" time="0.000" /><testcase classname="tests.test_pricing" name="test_duration_reference_45s_is_neutral" time="0.000" /><testcase classname="tests.test_pricing" name="test_duration_multiplier_bands_monotonic" time="0.000" /><testcase classname="tests.test_pricing" name="test_no_viable_scope_when_budget_impossible" time="0.000" /><testcase classname="tests.test_pricing" name="test_no_option_priced_below_its_own_floor" time="0.000" /><testcase classname="tests.test_pricing" name="test_agreement_snapshot_has_no_internal_cost" time="0.001" /></testsuite></testsuites>